[debug] [2024-10-10T13:18:39.242Z] ----------------------------------------------------------------------
[debug] [2024-10-10T13:18:39.244Z] Command:       C:\Program Files\nodejs\node.exe C:\Users\Shuhail Mohamed\AppData\Roaming\npm\node_modules\firebase-tools\lib\bin\firebase.js login
[debug] [2024-10-10T13:18:39.244Z] CLI Version:   13.22.0
[debug] [2024-10-10T13:18:39.244Z] Platform:      win32
[debug] [2024-10-10T13:18:39.244Z] Node Version:  v20.17.0
[debug] [2024-10-10T13:18:39.245Z] Time:          Thu Oct 10 2024 18:48:39 GMT+0530 (India Standard Time)
[debug] [2024-10-10T13:18:39.245Z] ----------------------------------------------------------------------
[debug] 
[info] i  Firebase optionally collects CLI and Emulator Suite usage and error reporting information to help improve our products. Data is collected in accordance with Google's privacy policy (https://policies.google.com/privacy) and is not used to identify you.
 
[info] 
[info] Visit this URL on this device to log in:
[info] https://accounts.google.com/o/oauth2/auth?client_id=563584335869-fgrhgmd47bqnekij5i8b5pr03ho849e6.apps.googleusercontent.com&scope=email%20openid%20https%3A%2F%2Fwww.googleapis.com%2Fauth%2Fcloudplatformprojects.readonly%20https%3A%2F%2Fwww.googleapis.com%2Fauth%2Ffirebase%20https%3A%2F%2Fwww.googleapis.com%2Fauth%2Fcloud-platform&response_type=code&state=434092856&redirect_uri=http%3A%2F%2Flocalhost%3A9005
[info] 
[info] Waiting for authentication...
[debug] [2024-10-10T13:18:40.900Z] Error: spawn cmd ENOENT
    at ChildProcess._handle.onexit (node:internal/child_process:286:19)
    at onErrorNT (node:internal/child_process:484:16)
    at process.processTicksAndRejections (node:internal/process/task_queues:82:21)
[error] 
[error] Error: An unexpected error has occurred.
[debug] [2024-10-10T13:27:31.308Z] ----------------------------------------------------------------------
[debug] [2024-10-10T13:27:31.310Z] Command:       C:\Program Files\nodejs\node.exe C:\Users\Shuhail Mohamed\AppData\Roaming\npm\node_modules\firebase-tools\lib\bin\firebase.js login
[debug] [2024-10-10T13:27:31.310Z] CLI Version:   13.22.0
[debug] [2024-10-10T13:27:31.310Z] Platform:      win32
[debug] [2024-10-10T13:27:31.310Z] Node Version:  v20.17.0
[debug] [2024-10-10T13:27:31.310Z] Time:          Thu Oct 10 2024 18:57:31 GMT+0530 (India Standard Time)
[debug] [2024-10-10T13:27:31.310Z] ----------------------------------------------------------------------
[debug] 
[info] i  Firebase optionally collects CLI and Emulator Suite usage and error reporting information to help improve our products. Data is collected in accordance with Google's privacy policy (https://policies.google.com/privacy) and is not used to identify you.
 
[info] i  To change your data collection preference at any time, run `firebase logout` and log in again. 
[info] 
[info] Visit this URL on this device to log in:
[info] https://accounts.google.com/o/oauth2/auth?client_id=563584335869-fgrhgmd47bqnekij5i8b5pr03ho849e6.apps.googleusercontent.com&scope=email%20openid%20https%3A%2F%2Fwww.googleapis.com%2Fauth%2Fcloudplatformprojects.readonly%20https%3A%2F%2Fwww.googleapis.com%2Fauth%2Ffirebase%20https%3A%2F%2Fwww.googleapis.com%2Fauth%2Fcloud-platform&response_type=code&state=1040345539&redirect_uri=http%3A%2F%2Flocalhost%3A9005
[info] 
[info] Waiting for authentication...
[debug] [2024-10-10T13:27:33.188Z] Error: spawn cmd ENOENT
    at ChildProcess._handle.onexit (node:internal/child_process:286:19)
    at onErrorNT (node:internal/child_process:484:16)
    at process.processTicksAndRejections (node:internal/process/task_queues:82:21)
[error] 
[error] Error: An unexpected error has occurred.
